<?xml version="1.0" encoding="UTF-8"?>
<!-- Generated by org.testng.reporters.JUnitReportReporter -->
<testsuite ignored="0" hostname="Kristinas-MacBook-Pro.local" failures="0" tests="5" name="WWPageTest.WWPageTest" time="28.223" errors="0" timestamp="14 Feb 2020 19:06:46 GMT" skipped="0">
  <testcase classname="WWPageTest.WWPageTest" name="closeMyWWPopup" time="17.811"/>
  <testcase classname="WWPageTest.WWPageTest" name="assertHomepageTitle" time="8.766"/>
  <testcase classname="WWPageTest.WWPageTest" name="searchByZipcode" time="1.148"/>
  <testcase classname="WWPageTest.WWPageTest" name="searchResults" time="0.462"/>
  <testcase classname="WWPageTest.WWPageTest" name="findAStudioPageTitle" time="0.036"/>
</testsuite> <!-- WWPageTest.WWPageTest -->
